2021-05-01 20:07:52,138 - DEBUG - job.py - job is started
2021-05-01 20:07:52,138 - DEBUG - job.py - job is started
2021-05-01 20:08:24,354 - DEBUG - base.py - unit f476bbe958e19856f87ced18-shell is started
2021-05-01 20:08:24,354 - DEBUG - base.py - unit f476bbe958e19856f87ced18-shell is started
2021-05-01 20:08:29,416 - DEBUG - runtime.py -  source /etc/profile && [ "" != "" ] && module load ; chmod 755 /cluster-001-home/bsmith/cli-job/rewotes/bsmith24/examples_of_use/job.rms && . /cluster-001-home/bsmith/cli-job/rewotes/bsmith24/examples_of_use/job.rms > '/cluster-001-home/bsmith/cli-job/rewotes/bsmith24/examples_of_use/shell.out' 2>&1 :  - 
2021-05-01 20:08:29,419 - DEBUG - __init__.py - checkpoint is saved
2021-05-01 20:08:29,421 - DEBUG - __init__.py - checkpoint is saved
2021-05-01 20:08:29,423 - DEBUG - runtime.py -  source /etc/profile && [ "" != "" ] && module load ; chmod 755 /cluster-001-home/bsmith/cli-job/rewotes/bsmith24/examples_of_use/job.rms && . /cluster-001-home/bsmith/cli-job/rewotes/bsmith24/examples_of_use/job.rms > '/cluster-001-home/bsmith/cli-job/rewotes/bsmith24/examples_of_use/shell.out' 2>&1 :  - 
2021-05-01 20:08:29,426 - DEBUG - __init__.py - checkpoint is saved
2021-05-01 20:08:29,428 - DEBUG - __init__.py - checkpoint is saved
2021-05-01 20:08:33,077 - DEBUG - exacluster.py - [
    {
        "CONTAINER": "production-20160630-cluster-001",
        "NAME": "/cluster-001-home/bsmith/cli-job/rewotes/bsmith24/examples_of_use/cleandir.sh",
        "PROVIDER": "aws",
        "REGION": "us-east-1",
        "SIZE": 42,
        "TIMESTAMP": "1619799913"
    },
    {
        "CONTAINER": "production-20160630-cluster-001",
        "NAME": "/cluster-001-home/bsmith/cli-job/rewotes/bsmith24/examples_of_use/example01.py",
        "PROVIDER": "aws",
        "REGION": "us-east-1",
        "SIZE": 278,
        "TIMESTAMP": "1619899578"
    },
    {
        "CONTAINER": "production-20160630-cluster-001",
        "NAME": "/cluster-001-home/bsmith/cli-job/rewotes/bsmith24/examples_of_use/run.sh",
        "PROVIDER": "aws",
        "REGION": "us-east-1",
        "SIZE": 1343,
        "TIMESTAMP": "1619899650"
    },
    {
        "CONTAINER": "production-20160630-cluster-001",
        "NAME": "/cluster-001-home/bsmith/cli-job/rewotes/bsmith24/examples_of_use/job.json",
        "PROVIDER": "aws",
        "REGION": "us-east-1",
        "SIZE": 10985,
        "TIMESTAMP": "1619899670"
    },
    {
        "CONTAINER": "production-20160630-cluster-001",
        "NAME": "/cluster-001-home/bsmith/cli-job/rewotes/bsmith24/examples_of_use/job.rms",
        "PROVIDER": "aws",
        "REGION": "us-east-1",
        "SIZE": 343,
        "TIMESTAMP": "1619899704"
    },
    {
        "CONTAINER": "production-20160630-cluster-001",
        "NAME": "/cluster-001-home/bsmith/cli-job/rewotes/bsmith24/examples_of_use/shell.out",
        "PROVIDER": "aws",
        "REGION": "us-east-1",
        "SIZE": 240,
        "TIMESTAMP": "1619899705"
    },
    {
        "CONTAINER": "production-20160630-cluster-001",
        "NAME": "/cluster-001-home/bsmith/cli-job/rewotes/bsmith24/examples_of_use/pw.out",
        "PROVIDER": "aws",
        "REGION": "us-east-1",
        "SIZE": 877,
        "TIMESTAMP": "1619899705"
    },
    {
        "CONTAINER": "production-20160630-cluster-001",
        "NAME": "/cluster-001-home/bsmith/cli-job/rewotes/bsmith24/examples_of_use/CRASH",
        "PROVIDER": "aws",
        "REGION": "us-east-1",
        "SIZE": 417,
        "TIMESTAMP": "1619899705"
    },
    {
        "CONTAINER": "production-20160630-cluster-001",
        "NAME": "/cluster-001-home/bsmith/cli-job/rewotes/bsmith24/examples_of_use/18/pw.in",
        "PROVIDER": "aws",
        "REGION": "us-east-1",
        "SIZE": 858,
        "TIMESTAMP": "1619899650"
    },
    {
        "CONTAINER": "production-20160630-cluster-001",
        "NAME": "/cluster-001-home/bsmith/cli-job/rewotes/bsmith24/examples_of_use/18/job.pbs",
        "PROVIDER": "aws",
        "REGION": "us-east-1",
        "SIZE": 315,
        "TIMESTAMP": "1619899650"
    },
    {
        "CONTAINER": "production-20160630-cluster-001",
        "NAME": "/cluster-001-home/bsmith/cli-job/rewotes/bsmith24/examples_of_use/20/pw.in",
        "PROVIDER": "aws",
        "REGION": "us-east-1",
        "SIZE": 858,
        "TIMESTAMP": "1619899650"
    },
    {
        "CONTAINER": "production-20160630-cluster-001",
        "NAME": "/cluster-001-home/bsmith/cli-job/rewotes/bsmith24/examples_of_use/20/job.pbs",
        "PROVIDER": "aws",
        "REGION": "us-east-1",
        "SIZE": 315,
        "TIMESTAMP": "1619899650"
    },
    {
        "CONTAINER": "production-20160630-cluster-001",
        "NAME": "/cluster-001-home/bsmith/cli-job/rewotes/bsmith24/examples_of_use/.exabyte/job.rms",
        "PROVIDER": "aws",
        "REGION": "us-east-1",
        "SIZE": 344,
        "TIMESTAMP": "1619899651"
    },
    {
        "CONTAINER": "production-20160630-cluster-001",
        "NAME": "/cluster-001-home/bsmith/cli-job/rewotes/bsmith24/examples_of_use/.exabyte/machines-79306.master-production-20160630-cluster-001.exabyte.io",
        "PROVIDER": "aws",
        "REGION": "us-east-1",
        "SIZE": 50,
        "TIMESTAMP": "1619899668"
    },
    {
        "CONTAINER": "production-20160630-cluster-001",
        "NAME": "/cluster-001-home/bsmith/cli-job/rewotes/bsmith24/examples_of_use/.exabyte/job.xml",
        "PROVIDER": "aws",
        "REGION": "us-east-1",
        "SIZE": 2259,
        "TIMESTAMP": "1619899668"
    },
    {
        "CONTAINER": "production-20160630-cluster-001",
        "NAME": "/cluster-001-home/bsmith/cli-job/rewotes/bsmith24/examples_of_use/.exabyte/machines-79307.master-production-20160630-cluster-001.exabyte.io",
        "PROVIDER": "aws",
        "REGION": "us-east-1",
        "SIZE": 50,
        "TIMESTAMP": "1619899668"
    },
    {
        "CONTAINER": "production-20160630-cluster-001",
        "NAME": "/cluster-001-home/bsmith/cli-job/rewotes/bsmith24/examples_of_use/.exabyte/rupy.log",
        "PROVIDER": "aws",
        "REGION": "us-east-1",
        "SIZE": 1280,
        "TIMESTAMP": "1619899709"
    },
    {
        "CONTAINER": "production-20160630-cluster-001",
        "NAME": "/cluster-001-home/bsmith/cli-job/rewotes/bsmith24/examples_of_use/.exabyte/checkpoint",
        "PROVIDER": "aws",
        "REGION": "us-east-1",
        "SIZE": 6122,
        "TIMESTAMP": "1619899709"
    }
]

2021-05-01 20:08:33,354 - DEBUG - exacluster.py - [
    {
        "CONTAINER": "production-20160630-cluster-001",
        "NAME": "/cluster-001-home/bsmith/cli-job/rewotes/bsmith24/examples_of_use/cleandir.sh",
        "PROVIDER": "aws",
        "REGION": "us-east-1",
        "SIZE": 42,
        "TIMESTAMP": "1619799913"
    },
    {
        "CONTAINER": "production-20160630-cluster-001",
        "NAME": "/cluster-001-home/bsmith/cli-job/rewotes/bsmith24/examples_of_use/example01.py",
        "PROVIDER": "aws",
        "REGION": "us-east-1",
        "SIZE": 278,
        "TIMESTAMP": "1619899578"
    },
    {
        "CONTAINER": "production-20160630-cluster-001",
        "NAME": "/cluster-001-home/bsmith/cli-job/rewotes/bsmith24/examples_of_use/run.sh",
        "PROVIDER": "aws",
        "REGION": "us-east-1",
        "SIZE": 1343,
        "TIMESTAMP": "1619899650"
    },
    {
        "CONTAINER": "production-20160630-cluster-001",
        "NAME": "/cluster-001-home/bsmith/cli-job/rewotes/bsmith24/examples_of_use/job.json",
        "PROVIDER": "aws",
        "REGION": "us-east-1",
        "SIZE": 10985,
        "TIMESTAMP": "1619899670"
    },
    {
        "CONTAINER": "production-20160630-cluster-001",
        "NAME": "/cluster-001-home/bsmith/cli-job/rewotes/bsmith24/examples_of_use/job.rms",
        "PROVIDER": "aws",
        "REGION": "us-east-1",
        "SIZE": 343,
        "TIMESTAMP": "1619899704"
    },
    {
        "CONTAINER": "production-20160630-cluster-001",
        "NAME": "/cluster-001-home/bsmith/cli-job/rewotes/bsmith24/examples_of_use/shell.out",
        "PROVIDER": "aws",
        "REGION": "us-east-1",
        "SIZE": 240,
        "TIMESTAMP": "1619899705"
    },
    {
        "CONTAINER": "production-20160630-cluster-001",
        "NAME": "/cluster-001-home/bsmith/cli-job/rewotes/bsmith24/examples_of_use/pw.out",
        "PROVIDER": "aws",
        "REGION": "us-east-1",
        "SIZE": 877,
        "TIMESTAMP": "1619899705"
    },
    {
        "CONTAINER": "production-20160630-cluster-001",
        "NAME": "/cluster-001-home/bsmith/cli-job/rewotes/bsmith24/examples_of_use/CRASH",
        "PROVIDER": "aws",
        "REGION": "us-east-1",
        "SIZE": 417,
        "TIMESTAMP": "1619899705"
    },
    {
        "CONTAINER": "production-20160630-cluster-001",
        "NAME": "/cluster-001-home/bsmith/cli-job/rewotes/bsmith24/examples_of_use/18/pw.in",
        "PROVIDER": "aws",
        "REGION": "us-east-1",
        "SIZE": 858,
        "TIMESTAMP": "1619899650"
    },
    {
        "CONTAINER": "production-20160630-cluster-001",
        "NAME": "/cluster-001-home/bsmith/cli-job/rewotes/bsmith24/examples_of_use/18/job.pbs",
        "PROVIDER": "aws",
        "REGION": "us-east-1",
        "SIZE": 315,
        "TIMESTAMP": "1619899650"
    },
    {
        "CONTAINER": "production-20160630-cluster-001",
        "NAME": "/cluster-001-home/bsmith/cli-job/rewotes/bsmith24/examples_of_use/20/pw.in",
        "PROVIDER": "aws",
        "REGION": "us-east-1",
        "SIZE": 858,
        "TIMESTAMP": "1619899650"
    },
    {
        "CONTAINER": "production-20160630-cluster-001",
        "NAME": "/cluster-001-home/bsmith/cli-job/rewotes/bsmith24/examples_of_use/20/job.pbs",
        "PROVIDER": "aws",
        "REGION": "us-east-1",
        "SIZE": 315,
        "TIMESTAMP": "1619899650"
    },
    {
        "CONTAINER": "production-20160630-cluster-001",
        "NAME": "/cluster-001-home/bsmith/cli-job/rewotes/bsmith24/examples_of_use/.exabyte/job.rms",
        "PROVIDER": "aws",
        "REGION": "us-east-1",
        "SIZE": 344,
        "TIMESTAMP": "1619899651"
    },
    {
        "CONTAINER": "production-20160630-cluster-001",
        "NAME": "/cluster-001-home/bsmith/cli-job/rewotes/bsmith24/examples_of_use/.exabyte/machines-79306.master-production-20160630-cluster-001.exabyte.io",
        "PROVIDER": "aws",
        "REGION": "us-east-1",
        "SIZE": 50,
        "TIMESTAMP": "1619899668"
    },
    {
        "CONTAINER": "production-20160630-cluster-001",
        "NAME": "/cluster-001-home/bsmith/cli-job/rewotes/bsmith24/examples_of_use/.exabyte/job.xml",
        "PROVIDER": "aws",
        "REGION": "us-east-1",
        "SIZE": 2259,
        "TIMESTAMP": "1619899668"
    },
    {
        "CONTAINER": "production-20160630-cluster-001",
        "NAME": "/cluster-001-home/bsmith/cli-job/rewotes/bsmith24/examples_of_use/.exabyte/machines-79307.master-production-20160630-cluster-001.exabyte.io",
        "PROVIDER": "aws",
        "REGION": "us-east-1",
        "SIZE": 50,
        "TIMESTAMP": "1619899668"
    },
    {
        "CONTAINER": "production-20160630-cluster-001",
        "NAME": "/cluster-001-home/bsmith/cli-job/rewotes/bsmith24/examples_of_use/.exabyte/rupy.log",
        "PROVIDER": "aws",
        "REGION": "us-east-1",
        "SIZE": 1280,
        "TIMESTAMP": "1619899709"
    },
    {
        "CONTAINER": "production-20160630-cluster-001",
        "NAME": "/cluster-001-home/bsmith/cli-job/rewotes/bsmith24/examples_of_use/.exabyte/checkpoint",
        "PROVIDER": "aws",
        "REGION": "us-east-1",
        "SIZE": 6122,
        "TIMESTAMP": "1619899709"
    }
]

